<?xml version="1.0" encoding="UTF-8"?>
<testng-results ignored="0" total="1" passed="1" failed="0" skipped="0">
  <reporter-output>
  </reporter-output>
  <suite started-at="2021-11-18T07:09:30Z" name="Surefire suite" finished-at="2021-11-18T07:09:30Z" duration-ms="18">
    <groups>
    </groups>
    <test started-at="2021-11-18T07:09:30Z" name="Surefire test" finished-at="2021-11-18T07:09:30Z" duration-ms="18">
      <class name="org.vapasi.AppTest">
        <test-method signature="shouldAnswerWithTrue()[pri:0, instance:org.vapasi.AppTest@1efed156]" started-at="2021-11-18T07:09:30Z" name="shouldAnswerWithTrue" finished-at="2021-11-18T07:09:30Z" duration-ms="5" status="PASS">
          <reporter-output>
          </reporter-output>
        </test-method> <!-- shouldAnswerWithTrue -->
      </class> <!-- org.vapasi.AppTest -->
    </test> <!-- Surefire test -->
  </suite> <!-- Surefire suite -->
</testng-results>
